{"/Users/mobagel/Documents/mobagel/awesome-dashboard/src/utils/utils.ts": {"path":"/Users/mobagel/Documents/mobagel/awesome-dashboard/src/utils/utils.ts","statementMap":{"0":{"start":{"line":3,"column":2},"end":{"line":3,"column":169}},"1":{"start":{"line":5,"column":21},"end":{"line":5,"column":51}},"2":{"start":{"line":5,"column":48},"end":{"line":5,"column":63}},"3":{"start":{"line":5,"column":13},"end":{"line":5,"column":21}},"4":{"start":{"line":7,"column":25},"end":{"line":17,"column":1}},"5":{"start":{"line":12,"column":18},"end":{"line":12,"column":49}},"6":{"start":{"line":13,"column":20},"end":{"line":13,"column":41}},"7":{"start":{"line":14,"column":2},"end":{"line":14,"column":23}},"8":{"start":{"line":15,"column":2},"end":{"line":15,"column":18}},"9":{"start":{"line":16,"column":2},"end":{"line":16,"column":84}},"10":{"start":{"line":7,"column":13},"end":{"line":7,"column":25}}},"fnMap":{"0":{"name":"(anonymous_0)","decl":{"start":{"line":5,"column":21},"end":{"line":5,"column":22}},"loc":{"start":{"line":5,"column":34},"end":{"line":5,"column":51}}},"1":{"name":"(anonymous_1)","decl":{"start":{"line":7,"column":25},"end":{"line":7,"column":null}},"loc":{"start":{"line":7,"column":25},"end":{"line":17,"column":1}}}},"branchMap":{},"s":{"0":1,"1":1,"2":1,"3":1,"4":1,"5":1,"6":1,"7":1,"8":1,"9":1,"10":1},"f":{"0":1,"1":1},"b":{}}
}
