{"/Users/ianchu/Documents/mobagel/awesome-dashboard/src/NotificationBar/NotifticationBar.tsx": {"path":"/Users/ianchu/Documents/mobagel/awesome-dashboard/src/NotificationBar/NotifticationBar.tsx","statementMap":{"0":{"start":{"line":1,"column":0},"end":{"line":1,"column":26}},"1":{"start":{"line":3,"column":0},"end":{"line":3,"column":42}},"2":{"start":{"line":6,"column":0},"end":{"line":6,"column":null}},"3":{"start":{"line":15,"column":17},"end":{"line":15,"column":28}},"4":{"start":{"line":30,"column":63},"end":{"line":68,"column":1}},"5":{"start":{"line":32,"column":2},"end":{"line":32,"column":15}},"6":{"start":{"line":32,"column":15},"end":{"line":32,"column":null}},"7":{"start":{"line":33,"column":9},"end":{"line":33,"column":null}},"8":{"start":{"line":34,"column":9},"end":{"line":34,"column":null}},"9":{"start":{"line":35,"column":19},"end":{"line":35,"column":null}},"10":{"start":{"line":36,"column":18},"end":{"line":36,"column":null}},"11":{"start":{"line":37,"column":20},"end":{"line":37,"column":null}},"12":{"start":{"line":38,"column":19},"end":{"line":38,"column":null}},"13":{"start":{"line":39,"column":2},"end":{"line":39,"column":19}},"14":{"start":{"line":39,"column":19},"end":{"line":39,"column":null}},"15":{"start":{"line":40,"column":2},"end":{"line":40,"column":19}},"16":{"start":{"line":40,"column":19},"end":{"line":40,"column":null}},"17":{"start":{"line":41,"column":8},"end":{"line":41,"column":null}},"18":{"start":{"line":43,"column":2},"end":{"line":67,"column":4}},"19":{"start":{"line":30,"column":13},"end":{"line":30,"column":63}}},"fnMap":{"0":{"name":"(anonymous_2)","decl":{"start":{"line":30,"column":63},"end":{"line":30,"column":64}},"loc":{"start":{"line":42,"column":1},"end":{"line":68,"column":1}}},"1":{"name":"(anonymous_3)","decl":{"start":{"line":32,"column":18},"end":{"line":32,"column":25}},"loc":{"start":{"line":32,"column":18},"end":{"line":32,"column":26}}}},"branchMap":{"0":{"loc":{"start":{"line":32,"column":15},"end":{"line":32,"column":null}},"type":"cond-expr","locations":[{"start":{"line":32,"column":18},"end":{"line":32,"column":26}},{"start":{"line":32,"column":26},"end":{"line":32,"column":null}}]},"1":{"loc":{"start":{"line":39,"column":19},"end":{"line":39,"column":null}},"type":"cond-expr","locations":[{"start":{"line":39,"column":22},"end":{"line":39,"column":26}},{"start":{"line":39,"column":26},"end":{"line":39,"column":null}}]},"2":{"loc":{"start":{"line":40,"column":19},"end":{"line":40,"column":null}},"type":"cond-expr","locations":[{"start":{"line":40,"column":22},"end":{"line":40,"column":26}},{"start":{"line":40,"column":26},"end":{"line":40,"column":null}}]},"3":{"loc":{"start":{"line":45,"column":7},"end":{"line":45,"column":56}},"type":"binary-expr","locations":[{"start":{"line":45,"column":7},"end":{"line":45,"column":24}},{"start":{"line":45,"column":28},"end":{"line":45,"column":56}}]},"4":{"loc":{"start":{"line":50,"column":9},"end":{"line":53,"column":null}},"type":"binary-expr","locations":[{"start":{"line":50,"column":9},"end":{"line":50,"column":35}},{"start":{"line":51,"column":10},"end":{"line":52,"column":null}}]},"5":{"loc":{"start":{"line":55,"column":9},"end":{"line":58,"column":null}},"type":"binary-expr","locations":[{"start":{"line":55,"column":9},"end":{"line":55,"column":36}},{"start":{"line":56,"column":10},"end":{"line":57,"column":null}}]},"6":{"loc":{"start":{"line":60,"column":9},"end":{"line":63,"column":null}},"type":"binary-expr","locations":[{"start":{"line":60,"column":9},"end":{"line":60,"column":26}},{"start":{"line":61,"column":10},"end":{"line":62,"column":null}}]}},"s":{"0":1,"1":1,"2":1,"3":1,"4":1,"5":1,"6":1,"7":1,"8":1,"9":1,"10":1,"11":1,"12":1,"13":1,"14":1,"15":1,"16":1,"17":1,"18":1,"19":1},"f":{"0":1,"1":0},"b":{"0":[0,1],"1":[1,0],"2":[1,0],"3":[1,1],"4":[1,1],"5":[1,1],"6":[1,1]}}
,"/Users/ianchu/Documents/mobagel/awesome-dashboard/src/NotificationBar/styles.tsx": {"path":"/Users/ianchu/Documents/mobagel/awesome-dashboard/src/NotificationBar/styles.tsx","statementMap":{"0":{"start":{"line":1,"column":0},"end":{"line":1,"column":39}},"1":{"start":{"line":2,"column":0},"end":{"line":2,"column":30}},"2":{"start":{"line":4,"column":0},"end":{"line":4,"column":70}},"3":{"start":{"line":6,"column":13},"end":{"line":8,"column":2}},"4":{"start":{"line":10,"column":13},"end":{"line":12,"column":2}},"5":{"start":{"line":14,"column":13},"end":{"line":23,"column":2}},"6":{"start":{"line":25,"column":13},"end":{"line":33,"column":null}},"7":{"start":{"line":33,"column":35},"end":{"line":33,"column":null}},"8":{"start":{"line":36,"column":13},"end":{"line":46,"column":2}},"9":{"start":{"line":48,"column":13},"end":{"line":58,"column":2}},"10":{"start":{"line":60,"column":13},"end":{"line":62,"column":2}},"11":{"start":{"line":64,"column":13},"end":{"line":64,"column":59}}},"fnMap":{"0":{"name":"(anonymous_1)","decl":{"start":{"line":33,"column":4},"end":{"line":33,"column":5}},"loc":{"start":{"line":33,"column":30},"end":{"line":33,"column":36}}}},"branchMap":{"0":{"loc":{"start":{"line":6,"column":43},"end":{"line":8,"column":2}},"type":"binary-expr","locations":[{"start":{"line":6,"column":43},"end":{"line":6,"column":null}},{"start":{"line":6,"column":43},"end":{"line":8,"column":2}}]},"1":{"loc":{"start":{"line":10,"column":41},"end":{"line":12,"column":2}},"type":"binary-expr","locations":[{"start":{"line":10,"column":41},"end":{"line":10,"column":null}},{"start":{"line":10,"column":41},"end":{"line":12,"column":2}}]},"2":{"loc":{"start":{"line":14,"column":42},"end":{"line":23,"column":2}},"type":"binary-expr","locations":[{"start":{"line":14,"column":42},"end":{"line":14,"column":null}},{"start":{"line":14,"column":42},"end":{"line":23,"column":2}}]},"3":{"loc":{"start":{"line":25,"column":47},"end":{"line":34,"column":2}},"type":"binary-expr","locations":[{"start":{"line":25,"column":47},"end":{"line":25,"column":null}},{"start":{"line":25,"column":47},"end":{"line":34,"column":2}}]},"4":{"loc":{"start":{"line":33,"column":36},"end":{"line":33,"column":68}},"type":"cond-expr","locations":[{"start":{"line":33,"column":51},"end":{"line":33,"column":63}},{"start":{"line":33,"column":66},"end":{"line":33,"column":68}}]},"5":{"loc":{"start":{"line":36,"column":49},"end":{"line":46,"column":2}},"type":"binary-expr","locations":[{"start":{"line":36,"column":49},"end":{"line":36,"column":null}},{"start":{"line":36,"column":49},"end":{"line":46,"column":2}}]},"6":{"loc":{"start":{"line":48,"column":48},"end":{"line":58,"column":2}},"type":"binary-expr","locations":[{"start":{"line":48,"column":48},"end":{"line":48,"column":null}},{"start":{"line":48,"column":48},"end":{"line":58,"column":2}}]},"7":{"loc":{"start":{"line":60,"column":66},"end":{"line":62,"column":2}},"type":"binary-expr","locations":[{"start":{"line":60,"column":66},"end":{"line":60,"column":null}},{"start":{"line":60,"column":66},"end":{"line":62,"column":2}}]},"8":{"loc":{"start":{"line":64,"column":56},"end":{"line":64,"column":59}},"type":"binary-expr","locations":[{"start":{"line":64,"column":56},"end":{"line":64,"column":58}},{"start":{"line":64,"column":56},"end":{"line":64,"column":59}}]}},"s":{"0":1,"1":1,"2":1,"3":1,"4":1,"5":1,"6":1,"7":1,"8":1,"9":1,"10":1,"11":1},"f":{"0":1},"b":{"0":[1,1],"1":[1,1],"2":[1,1],"3":[1,1],"4":[0,1],"5":[1,1],"6":[1,1],"7":[1,1],"8":[1,1]}}
,"/Users/ianchu/Documents/mobagel/awesome-dashboard/src/RightContent/AvatarDropdown.tsx": {"path":"/Users/ianchu/Documents/mobagel/awesome-dashboard/src/RightContent/AvatarDropdown.tsx","statementMap":{"0":{"start":{"line":1,"column":0},"end":{"line":1,"column":43}},"1":{"start":{"line":2,"column":0},"end":{"line":2,"column":51}},"2":{"start":{"line":3,"column":0},"end":{"line":3,"column":42}},"3":{"start":{"line":4,"column":0},"end":{"line":4,"column":46}},"4":{"start":{"line":5,"column":0},"end":{"line":5,"column":49}},"5":{"start":{"line":6,"column":0},"end":{"line":6,"column":34}},"6":{"start":{"line":8,"column":0},"end":{"line":8,"column":43}},"7":{"start":{"line":23,"column":67},"end":{"line":26,"column":2}},"8":{"start":{"line":23,"column":86},"end":{"line":26,"column":2}},"9":{"start":{"line":24,"column":2},"end":{"line":24,"column":23}},"10":{"start":{"line":25,"column":2},"end":{"line":25,"column":49}},"11":{"start":{"line":28,"column":57},"end":{"line":78,"column":1}},"12":{"start":{"line":28,"column":72},"end":{"line":28,"column":74}},"13":{"start":{"line":28,"column":87},"end":{"line":28,"column":89}},"14":{"start":{"line":28,"column":100},"end":{"line":28,"column":102}},"15":{"start":{"line":29,"column":22},"end":{"line":36,"column":null}},"16":{"start":{"line":31,"column":22},"end":{"line":31,"column":28}},"17":{"start":{"line":32,"column":6},"end":{"line":34,"column":null}},"18":{"start":{"line":33,"column":8},"end":{"line":33,"column":31}},"19":{"start":{"line":40,"column":4},"end":{"line":47,"column":null}},"20":{"start":{"line":51,"column":2},"end":{"line":53,"column":null}},"21":{"start":{"line":52,"column":4},"end":{"line":52,"column":19}},"22":{"start":{"line":55,"column":2},"end":{"line":57,"column":null}},"23":{"start":{"line":56,"column":4},"end":{"line":56,"column":19}},"24":{"start":{"line":60,"column":4},"end":{"line":66,"column":null}},"25":{"start":{"line":70,"column":2},"end":{"line":77,"column":4}},"26":{"start":{"line":80,"column":0},"end":{"line":80,"column":30}}},"fnMap":{"0":{"name":"(anonymous_15)","decl":{"start":{"line":23,"column":67},"end":{"line":23,"column":74}},"loc":{"start":{"line":23,"column":86},"end":{"line":26,"column":2}}},"1":{"name":"(anonymous_16)","decl":{"start":{"line":23,"column":86},"end":{"line":23,"column":null}},"loc":{"start":{"line":23,"column":86},"end":{"line":26,"column":2}}},"2":{"name":"(anonymous_18)","decl":{"start":{"line":28,"column":57},"end":{"line":28,"column":58}},"loc":{"start":{"line":28,"column":102},"end":{"line":78,"column":1}}},"3":{"name":"(anonymous_19)","decl":{"start":{"line":30,"column":4},"end":{"line":30,"column":5}},"loc":{"start":{"line":30,"column":20},"end":{"line":35,"column":5}}}},"branchMap":{"0":{"loc":{"start":{"line":24,"column":2},"end":{"line":24,"column":23}},"type":"switch","locations":[{"start":{"line":24,"column":2},"end":{"line":24,"column":23}}]},"1":{"loc":{"start":{"line":32,"column":6},"end":{"line":34,"column":null}},"type":"if","locations":[{"start":{"line":32,"column":6},"end":{"line":34,"column":null}}]},"2":{"loc":{"start":{"line":32,"column":10},"end":{"line":32,"column":41}},"type":"binary-expr","locations":[{"start":{"line":32,"column":10},"end":{"line":32,"column":26}},{"start":{"line":32,"column":30},"end":{"line":32,"column":41}}]},"3":{"loc":{"start":{"line":51,"column":2},"end":{"line":53,"column":null}},"type":"if","locations":[{"start":{"line":51,"column":2},"end":{"line":53,"column":null}}]},"4":{"loc":{"start":{"line":55,"column":2},"end":{"line":57,"column":null}},"type":"if","locations":[{"start":{"line":55,"column":2},"end":{"line":57,"column":null}}]},"5":{"loc":{"start":{"line":55,"column":6},"end":{"line":55,"column":42}},"type":"binary-expr","locations":[{"start":{"line":55,"column":6},"end":{"line":55,"column":18}},{"start":{"line":55,"column":22},"end":{"line":55,"column":42}}]},"6":{"loc":{"start":{"line":55,"column":23},"end":{"line":55,"column":40}},"type":"cond-expr","locations":[{"start":{"line":55,"column":34},"end":{"line":55,"column":36}},{"start":{"line":55,"column":23},"end":{"line":55,"column":40}}]},"7":{"loc":{"start":{"line":55,"column":23},"end":{"line":55,"column":36}},"type":"binary-expr","locations":[{"start":{"line":55,"column":23},"end":{"line":55,"column":36}},{"start":{"line":55,"column":23},"end":{"line":55,"column":36}}]}},"s":{"0":1,"1":1,"2":1,"3":1,"4":1,"5":1,"6":1,"7":1,"8":0,"9":0,"10":0,"11":1,"12":1,"13":1,"14":1,"15":1,"16":0,"17":0,"18":0,"19":1,"20":1,"21":0,"22":1,"23":0,"24":1,"25":1,"26":1},"f":{"0":0,"1":0,"2":1,"3":0},"b":{"0":[0],"1":[0],"2":[0,0],"3":[0],"4":[0],"5":[1,1],"6":[0,1],"7":[1,1]}}
,"/Users/ianchu/Documents/mobagel/awesome-dashboard/src/RightContent/ExplorationDropdown.tsx": {"path":"/Users/ianchu/Documents/mobagel/awesome-dashboard/src/RightContent/ExplorationDropdown.tsx","statementMap":{"0":{"start":{"line":1,"column":0},"end":{"line":1,"column":28}},"1":{"start":{"line":2,"column":0},"end":{"line":2,"column":26}},"2":{"start":{"line":3,"column":0},"end":{"line":3,"column":34}},"3":{"start":{"line":4,"column":0},"end":{"line":4,"column":63}},"4":{"start":{"line":5,"column":0},"end":{"line":5,"column":46}},"5":{"start":{"line":6,"column":0},"end":{"line":6,"column":43}},"6":{"start":{"line":9,"column":93},"end":{"line":43,"column":1}},"7":{"start":{"line":10,"column":10},"end":{"line":10,"column":null}},"8":{"start":{"line":11,"column":15},"end":{"line":11,"column":null}},"9":{"start":{"line":13,"column":18},"end":{"line":18,"column":4}},"10":{"start":{"line":14,"column":4},"end":{"line":17,"column":6}},"11":{"start":{"line":19,"column":2},"end":{"line":42,"column":4}},"12":{"start":{"line":24,"column":10},"end":{"line":24,"column":51}},"13":{"start":{"line":30,"column":8},"end":{"line":39,"column":10}},"14":{"start":{"line":34,"column":14},"end":{"line":34,"column":35}},"15":{"start":{"line":45,"column":101},"end":{"line":56,"column":1}},"16":{"start":{"line":46,"column":10},"end":{"line":46,"column":null}},"17":{"start":{"line":47,"column":15},"end":{"line":47,"column":null}},"18":{"start":{"line":49,"column":2},"end":{"line":55,"column":4}},"19":{"start":{"line":58,"column":0},"end":{"line":58,"column":35}}},"fnMap":{"0":{"name":"(anonymous_2)","decl":{"start":{"line":9,"column":93},"end":{"line":9,"column":94}},"loc":{"start":{"line":12,"column":1},"end":{"line":43,"column":1}}},"1":{"name":"(anonymous_3)","decl":{"start":{"line":13,"column":31},"end":{"line":13,"column":32}},"loc":{"start":{"line":13,"column":39},"end":{"line":18,"column":3}}},"2":{"name":"(anonymous_4)","decl":{"start":{"line":23,"column":17},"end":{"line":23,"column":null}},"loc":{"start":{"line":23,"column":17},"end":{"line":25,"column":9}}},"3":{"name":"(anonymous_5)","decl":{"start":{"line":29,"column":19},"end":{"line":29,"column":20}},"loc":{"start":{"line":29,"column":23},"end":{"line":40,"column":7}}},"4":{"name":"(anonymous_6)","decl":{"start":{"line":33,"column":21},"end":{"line":33,"column":null}},"loc":{"start":{"line":33,"column":21},"end":{"line":35,"column":13}}},"5":{"name":"(anonymous_7)","decl":{"start":{"line":45,"column":101},"end":{"line":45,"column":102}},"loc":{"start":{"line":48,"column":1},"end":{"line":56,"column":1}}}},"branchMap":{},"s":{"0":1,"1":1,"2":1,"3":1,"4":1,"5":1,"6":1,"7":0,"8":0,"9":0,"10":0,"11":0,"12":0,"13":0,"14":0,"15":1,"16":1,"17":1,"18":1,"19":1},"f":{"0":0,"1":0,"2":0,"3":0,"4":0,"5":1},"b":{}}
,"/Users/ianchu/Documents/mobagel/awesome-dashboard/src/RightContent/HeaderRight.tsx": {"path":"/Users/ianchu/Documents/mobagel/awesome-dashboard/src/RightContent/HeaderRight.tsx","statementMap":{"0":{"start":{"line":1,"column":0},"end":{"line":1,"column":34}},"1":{"start":{"line":2,"column":0},"end":{"line":2,"column":26}},"2":{"start":{"line":3,"column":0},"end":{"line":3,"column":34}},"3":{"start":{"line":4,"column":0},"end":{"line":4,"column":38}},"4":{"start":{"line":5,"column":0},"end":{"line":5,"column":38}},"5":{"start":{"line":6,"column":0},"end":{"line":6,"column":56}},"6":{"start":{"line":7,"column":0},"end":{"line":7,"column":42}},"7":{"start":{"line":13,"column":20},"end":{"line":17,"column":2}},"8":{"start":{"line":31,"column":55},"end":{"line":60,"column":1}},"9":{"start":{"line":32,"column":8},"end":{"line":32,"column":null}},"10":{"start":{"line":33,"column":10},"end":{"line":33,"column":null}},"11":{"start":{"line":34,"column":12},"end":{"line":34,"column":null}},"12":{"start":{"line":35,"column":14},"end":{"line":35,"column":null}},"13":{"start":{"line":36,"column":15},"end":{"line":36,"column":null}},"14":{"start":{"line":37,"column":13},"end":{"line":37,"column":null}},"15":{"start":{"line":38,"column":12},"end":{"line":38,"column":null}},"16":{"start":{"line":39,"column":10},"end":{"line":39,"column":null}},"17":{"start":{"line":40,"column":16},"end":{"line":40,"column":null}},"18":{"start":{"line":42,"column":18},"end":{"line":42,"column":30}},"19":{"start":{"line":44,"column":2},"end":{"line":46,"column":null}},"20":{"start":{"line":45,"column":4},"end":{"line":45,"column":50}},"21":{"start":{"line":47,"column":2},"end":{"line":59,"column":4}},"22":{"start":{"line":31,"column":13},"end":{"line":31,"column":55}}},"fnMap":{"0":{"name":"(anonymous_2)","decl":{"start":{"line":31,"column":55},"end":{"line":31,"column":56}},"loc":{"start":{"line":41,"column":1},"end":{"line":60,"column":1}}}},"branchMap":{"0":{"loc":{"start":{"line":44,"column":2},"end":{"line":46,"column":null}},"type":"if","locations":[{"start":{"line":44,"column":2},"end":{"line":46,"column":null}}]},"1":{"loc":{"start":{"line":44,"column":6},"end":{"line":44,"column":67}},"type":"binary-expr","locations":[{"start":{"line":44,"column":7},"end":{"line":44,"column":26}},{"start":{"line":44,"column":30},"end":{"line":44,"column":46}},{"start":{"line":44,"column":51},"end":{"line":44,"column":67}}]},"2":{"loc":{"start":{"line":52,"column":7},"end":{"line":55,"column":null}},"type":"binary-expr","locations":[{"start":{"line":52,"column":7},"end":{"line":52,"column":17}},{"start":{"line":53,"column":8},"end":{"line":54,"column":null}}]}},"s":{"0":1,"1":1,"2":1,"3":1,"4":1,"5":1,"6":1,"7":1,"8":1,"9":1,"10":1,"11":1,"12":1,"13":1,"14":1,"15":1,"16":1,"17":1,"18":1,"19":1,"20":0,"21":1,"22":1},"f":{"0":1},"b":{"0":[0],"1":[1,0,1],"2":[1,1]}}
,"/Users/ianchu/Documents/mobagel/awesome-dashboard/src/RightContent/InfoDropdown.tsx": {"path":"/Users/ianchu/Documents/mobagel/awesome-dashboard/src/RightContent/InfoDropdown.tsx","statementMap":{"0":{"start":{"line":1,"column":0},"end":{"line":1,"column":26}},"1":{"start":{"line":2,"column":0},"end":{"line":2,"column":28}},"2":{"start":{"line":3,"column":0},"end":{"line":3,"column":34}},"3":{"start":{"line":4,"column":0},"end":{"line":4,"column":59}},"4":{"start":{"line":5,"column":0},"end":{"line":5,"column":46}},"5":{"start":{"line":8,"column":105},"end":{"line":32,"column":1}},"6":{"start":{"line":9,"column":15},"end":{"line":9,"column":null}},"7":{"start":{"line":10,"column":12},"end":{"line":10,"column":null}},"8":{"start":{"line":12,"column":2},"end":{"line":31,"column":4}},"9":{"start":{"line":16,"column":10},"end":{"line":16,"column":32}},"10":{"start":{"line":17,"column":10},"end":{"line":17,"column":58}},"11":{"start":{"line":24,"column":10},"end":{"line":24,"column":28}},"12":{"start":{"line":25,"column":10},"end":{"line":25,"column":54}},"13":{"start":{"line":34,"column":105},"end":{"line":48,"column":1}},"14":{"start":{"line":35,"column":15},"end":{"line":35,"column":null}},"15":{"start":{"line":36,"column":12},"end":{"line":36,"column":null}},"16":{"start":{"line":38,"column":2},"end":{"line":47,"column":4}},"17":{"start":{"line":50,"column":0},"end":{"line":50,"column":28}}},"fnMap":{"0":{"name":"(anonymous_2)","decl":{"start":{"line":8,"column":105},"end":{"line":8,"column":106}},"loc":{"start":{"line":11,"column":1},"end":{"line":32,"column":1}}},"1":{"name":"(anonymous_3)","decl":{"start":{"line":15,"column":17},"end":{"line":15,"column":null}},"loc":{"start":{"line":15,"column":17},"end":{"line":18,"column":9}}},"2":{"name":"(anonymous_4)","decl":{"start":{"line":23,"column":17},"end":{"line":23,"column":null}},"loc":{"start":{"line":23,"column":17},"end":{"line":26,"column":9}}},"3":{"name":"(anonymous_5)","decl":{"start":{"line":34,"column":105},"end":{"line":34,"column":106}},"loc":{"start":{"line":37,"column":1},"end":{"line":48,"column":1}}}},"branchMap":{},"s":{"0":1,"1":1,"2":1,"3":1,"4":1,"5":1,"6":0,"7":0,"8":0,"9":0,"10":0,"11":0,"12":0,"13":1,"14":1,"15":1,"16":1,"17":1},"f":{"0":0,"1":0,"2":0,"3":1},"b":{}}
,"/Users/ianchu/Documents/mobagel/awesome-dashboard/src/RightContent/SelectLang.tsx": {"path":"/Users/ianchu/Documents/mobagel/awesome-dashboard/src/RightContent/SelectLang.tsx","statementMap":{"0":{"start":{"line":1,"column":0},"end":{"line":1,"column":26}},"1":{"start":{"line":2,"column":0},"end":{"line":2,"column":51}},"2":{"start":{"line":3,"column":0},"end":{"line":3,"column":35}},"3":{"start":{"line":5,"column":0},"end":{"line":5,"column":46}},"4":{"start":{"line":6,"column":0},"end":{"line":6,"column":34}},"5":{"start":{"line":8,"column":22},"end":{"line":18,"column":2}},"6":{"start":{"line":20,"column":97},"end":{"line":44,"column":1}},"7":{"start":{"line":21,"column":16},"end":{"line":21,"column":null}},"8":{"start":{"line":23,"column":20},"end":{"line":25,"column":3}},"9":{"start":{"line":24,"column":4},"end":{"line":24,"column":37}},"10":{"start":{"line":28,"column":4},"end":{"line":33,"column":null}},"11":{"start":{"line":29,"column":35},"end":{"line":33,"column":8}},"12":{"start":{"line":37,"column":2},"end":{"line":43,"column":4}},"13":{"start":{"line":46,"column":0},"end":{"line":46,"column":28}}},"fnMap":{"0":{"name":"(anonymous_2)","decl":{"start":{"line":20,"column":97},"end":{"line":20,"column":98}},"loc":{"start":{"line":22,"column":1},"end":{"line":44,"column":1}}},"1":{"name":"(anonymous_3)","decl":{"start":{"line":23,"column":20},"end":{"line":23,"column":21}},"loc":{"start":{"line":23,"column":35},"end":{"line":25,"column":3}}},"2":{"name":"(anonymous_4)","decl":{"start":{"line":29,"column":25},"end":{"line":29,"column":26}},"loc":{"start":{"line":29,"column":30},"end":{"line":29,"column":null}}}},"branchMap":{"0":{"loc":{"start":{"line":24,"column":19},"end":{"line":24,"column":28}},"type":"cond-expr","locations":[{"start":{"line":24,"column":23},"end":{"line":24,"column":25}},{"start":{"line":24,"column":19},"end":{"line":24,"column":28}}]},"1":{"loc":{"start":{"line":24,"column":19},"end":{"line":24,"column":25}},"type":"binary-expr","locations":[{"start":{"line":24,"column":19},"end":{"line":24,"column":25}},{"start":{"line":24,"column":19},"end":{"line":24,"column":25}}]},"2":{"loc":{"start":{"line":30,"column":24},"end":{"line":30,"column":34}},"type":"cond-expr","locations":[{"start":{"line":30,"column":28},"end":{"line":30,"column":30}},{"start":{"line":30,"column":24},"end":{"line":30,"column":34}}]},"3":{"loc":{"start":{"line":30,"column":24},"end":{"line":30,"column":30}},"type":"binary-expr","locations":[{"start":{"line":30,"column":24},"end":{"line":30,"column":30}},{"start":{"line":30,"column":24},"end":{"line":30,"column":30}}]}},"s":{"0":1,"1":1,"2":1,"3":1,"4":1,"5":1,"6":1,"7":1,"8":1,"9":0,"10":1,"11":2,"12":1,"13":1},"f":{"0":1,"1":0,"2":2},"b":{"0":[0,0],"1":[0,0],"2":[0,2],"3":[2,2]}}
,"/Users/ianchu/Documents/mobagel/awesome-dashboard/src/RightContent/HeaderDropdown/index.tsx": {"path":"/Users/ianchu/Documents/mobagel/awesome-dashboard/src/RightContent/HeaderDropdown/index.tsx","statementMap":{"0":{"start":{"line":2,"column":0},"end":{"line":2,"column":32}},"1":{"start":{"line":3,"column":0},"end":{"line":3,"column":26}},"2":{"start":{"line":4,"column":0},"end":{"line":4,"column":36}},"3":{"start":{"line":5,"column":0},"end":{"line":5,"column":34}},"4":{"start":{"line":15,"column":54},"end":{"line":17,"column":2}},"5":{"start":{"line":15,"column":78},"end":{"line":15,"column":83}},"6":{"start":{"line":15,"column":92},"end":{"line":15,"column":99}},"7":{"start":{"line":15,"column":99},"end":{"line":17,"column":2}},"8":{"start":{"line":19,"column":0},"end":{"line":19,"column":30}}},"fnMap":{"0":{"name":"(anonymous_3)","decl":{"start":{"line":15,"column":54},"end":{"line":15,"column":55}},"loc":{"start":{"line":15,"column":94},"end":{"line":17,"column":2}}}},"branchMap":{},"s":{"0":1,"1":1,"2":1,"3":1,"4":1,"5":4,"6":4,"7":4,"8":1},"f":{"0":4},"b":{}}
,"/Users/ianchu/Documents/mobagel/awesome-dashboard/src/utils/utils.ts": {"path":"/Users/ianchu/Documents/mobagel/awesome-dashboard/src/utils/utils.ts","statementMap":{"0":{"start":{"line":3,"column":2},"end":{"line":3,"column":169}},"1":{"start":{"line":5,"column":21},"end":{"line":5,"column":51}},"2":{"start":{"line":5,"column":48},"end":{"line":5,"column":63}},"3":{"start":{"line":5,"column":13},"end":{"line":5,"column":21}},"4":{"start":{"line":7,"column":25},"end":{"line":17,"column":1}},"5":{"start":{"line":12,"column":18},"end":{"line":12,"column":49}},"6":{"start":{"line":13,"column":20},"end":{"line":13,"column":41}},"7":{"start":{"line":14,"column":2},"end":{"line":14,"column":23}},"8":{"start":{"line":15,"column":2},"end":{"line":15,"column":18}},"9":{"start":{"line":16,"column":2},"end":{"line":16,"column":84}},"10":{"start":{"line":7,"column":13},"end":{"line":7,"column":25}}},"fnMap":{"0":{"name":"(anonymous_0)","decl":{"start":{"line":5,"column":21},"end":{"line":5,"column":22}},"loc":{"start":{"line":5,"column":34},"end":{"line":5,"column":51}}},"1":{"name":"(anonymous_1)","decl":{"start":{"line":7,"column":25},"end":{"line":7,"column":null}},"loc":{"start":{"line":7,"column":25},"end":{"line":17,"column":1}}}},"branchMap":{},"s":{"0":2,"1":2,"2":2,"3":2,"4":2,"5":2,"6":2,"7":2,"8":2,"9":2,"10":2},"f":{"0":2,"1":2},"b":{}}
}
