TN:
SF:src/NotificationBar/NotifticationBar.tsx
FN:30,(anonymous_2)
FN:32,(anonymous_3)
FNF:2
FNH:1
FNDA:1,(anonymous_2)
FNDA:0,(anonymous_3)
DA:1,1
DA:3,1
DA:6,1
DA:15,1
DA:30,1
DA:32,1
DA:33,1
DA:34,1
DA:35,1
DA:36,1
DA:37,1
DA:38,1
DA:39,1
DA:40,1
DA:41,1
DA:43,1
LF:16
LH:16
BRDA:32,0,0,0
BRDA:32,0,1,1
BRDA:39,1,0,1
BRDA:39,1,1,0
BRDA:40,2,0,1
BRDA:40,2,1,0
BRDA:45,3,0,1
BRDA:45,3,1,1
BRDA:50,4,0,1
BRDA:50,4,1,1
BRDA:55,5,0,1
BRDA:55,5,1,1
BRDA:60,6,0,1
BRDA:60,6,1,1
BRF:14
BRH:11
end_of_record
TN:
SF:src/NotificationBar/styles.tsx
FN:33,(anonymous_1)
FNF:1
FNH:1
FNDA:1,(anonymous_1)
DA:1,1
DA:2,1
DA:4,1
DA:6,1
DA:10,1
DA:14,1
DA:25,1
DA:33,1
DA:36,1
DA:48,1
DA:60,1
DA:64,1
LF:12
LH:12
BRDA:6,0,0,1
BRDA:6,0,1,1
BRDA:10,1,0,1
BRDA:10,1,1,1
BRDA:14,2,0,1
BRDA:14,2,1,1
BRDA:25,3,0,1
BRDA:25,3,1,1
BRDA:33,4,0,0
BRDA:33,4,1,1
BRDA:36,5,0,1
BRDA:36,5,1,1
BRDA:48,6,0,1
BRDA:48,6,1,1
BRDA:60,7,0,1
BRDA:60,7,1,1
BRDA:64,8,0,1
BRDA:64,8,1,1
BRF:18
BRH:17
end_of_record
TN:
SF:src/RightContent/AvatarDropdown.tsx
FN:23,(anonymous_15)
FN:23,(anonymous_16)
FN:28,(anonymous_18)
FN:30,(anonymous_19)
FNF:4
FNH:1
FNDA:0,(anonymous_15)
FNDA:0,(anonymous_16)
FNDA:1,(anonymous_18)
FNDA:0,(anonymous_19)
DA:1,1
DA:2,1
DA:3,1
DA:4,1
DA:5,1
DA:6,1
DA:8,1
DA:23,1
DA:24,0
DA:25,0
DA:28,1
DA:29,1
DA:31,0
DA:32,0
DA:33,0
DA:40,1
DA:51,1
DA:52,0
DA:55,1
DA:56,0
DA:60,1
DA:70,1
DA:80,1
LF:23
LH:16
BRDA:24,0,0,0
BRDA:32,1,0,0
BRDA:32,2,0,0
BRDA:32,2,1,0
BRDA:51,3,0,0
BRDA:55,4,0,0
BRDA:55,5,0,1
BRDA:55,5,1,1
BRDA:55,6,0,0
BRDA:55,6,1,1
BRDA:55,7,0,1
BRDA:55,7,1,1
BRF:12
BRH:5
end_of_record
TN:
SF:src/RightContent/ExplorationDropdown.tsx
FN:9,(anonymous_2)
FN:13,(anonymous_3)
FN:23,(anonymous_4)
FN:29,(anonymous_5)
FN:33,(anonymous_6)
FN:45,(anonymous_7)
FNF:6
FNH:1
FNDA:0,(anonymous_2)
FNDA:0,(anonymous_3)
FNDA:0,(anonymous_4)
FNDA:0,(anonymous_5)
FNDA:0,(anonymous_6)
FNDA:1,(anonymous_7)
DA:1,1
DA:2,1
DA:3,1
DA:4,1
DA:5,1
DA:6,1
DA:9,1
DA:10,0
DA:11,0
DA:13,0
DA:14,0
DA:19,0
DA:24,0
DA:30,0
DA:34,0
DA:45,1
DA:46,1
DA:47,1
DA:49,1
DA:58,1
LF:20
LH:12
BRF:0
BRH:0
end_of_record
TN:
SF:src/RightContent/HeaderRight.tsx
FN:31,(anonymous_2)
FNF:1
FNH:1
FNDA:1,(anonymous_2)
DA:1,1
DA:2,1
DA:3,1
DA:4,1
DA:5,1
DA:6,1
DA:7,1
DA:13,1
DA:31,1
DA:32,1
DA:33,1
DA:34,1
DA:35,1
DA:36,1
DA:37,1
DA:38,1
DA:39,1
DA:40,1
DA:42,1
DA:44,1
DA:45,0
DA:47,1
LF:22
LH:21
BRDA:44,0,0,0
BRDA:44,1,0,1
BRDA:44,1,1,0
BRDA:44,1,2,1
BRDA:52,2,0,1
BRDA:52,2,1,1
BRF:6
BRH:4
end_of_record
TN:
SF:src/RightContent/InfoDropdown.tsx
FN:8,(anonymous_2)
FN:15,(anonymous_3)
FN:23,(anonymous_4)
FN:34,(anonymous_5)
FNF:4
FNH:1
FNDA:0,(anonymous_2)
FNDA:0,(anonymous_3)
FNDA:0,(anonymous_4)
FNDA:1,(anonymous_5)
DA:1,1
DA:2,1
DA:3,1
DA:4,1
DA:5,1
DA:8,1
DA:9,0
DA:10,0
DA:12,0
DA:16,0
DA:17,0
DA:24,0
DA:25,0
DA:34,1
DA:35,1
DA:36,1
DA:38,1
DA:50,1
LF:18
LH:11
BRF:0
BRH:0
end_of_record
TN:
SF:src/RightContent/SelectLang.tsx
FN:20,(anonymous_2)
FN:23,(anonymous_3)
FN:29,(anonymous_4)
FNF:3
FNH:2
FNDA:1,(anonymous_2)
FNDA:0,(anonymous_3)
FNDA:2,(anonymous_4)
DA:1,1
DA:2,1
DA:3,1
DA:5,1
DA:6,1
DA:8,1
DA:20,1
DA:21,1
DA:23,1
DA:24,0
DA:28,1
DA:29,2
DA:37,1
DA:46,1
LF:14
LH:13
BRDA:24,0,0,0
BRDA:24,0,1,0
BRDA:24,1,0,0
BRDA:24,1,1,0
BRDA:30,2,0,0
BRDA:30,2,1,2
BRDA:30,3,0,2
BRDA:30,3,1,2
BRF:8
BRH:3
end_of_record
TN:
SF:src/RightContent/HeaderDropdown/index.tsx
FN:15,(anonymous_3)
FNF:1
FNH:1
FNDA:4,(anonymous_3)
DA:2,1
DA:3,1
DA:4,1
DA:5,1
DA:15,4
DA:19,1
LF:6
LH:6
BRF:0
BRH:0
end_of_record
TN:
SF:src/utils/utils.ts
FN:5,(anonymous_0)
FN:7,(anonymous_1)
FNF:2
FNH:2
FNDA:2,(anonymous_0)
FNDA:2,(anonymous_1)
DA:3,2
DA:5,2
DA:7,2
DA:12,2
DA:13,2
DA:14,2
DA:15,2
DA:16,2
LF:8
LH:8
BRF:0
BRH:0
end_of_record
